Traceback (most recent call last):
  File "/home/noturno/Development/Github/bottle-crud/project/controllers/controller.py", line 32, in <module>
    index()
  File "/home/noturno/Development/Github/bottle-crud/project/controllers/controller.py", line 23, in index
    conn = sqlite3.connect('../models/checklist.db')
OperationalError: unable to open database file
Traceback (most recent call last):
  File "/home/noturno/Development/Github/bottle-crud/project/controllers/controller.py", line 89, in update
    conn = sqlite3.connect('../model/checklist.db')
OperationalError: unable to open database file
Traceback (most recent call last):
  File "/home/noturno/Development/Github/bottle-crud/project/controllers/controller.py", line 89, in update
    conn = sqlite3.connect('../model/checklist.db')
OperationalError: unable to open database file
Traceback (most recent call last):
  File "/home/noturno/Development/Github/bottle-crud/project/controllers/controller.py", line 89, in update
    conn = sqlite3.connect('../model/checklist.db')
OperationalError: unable to open database file
Traceback (most recent call last):
  File "/home/noturno/Development/Github/bottle-crud/project/controllers/controller.py", line 105, in delete
    conn = sqlite3.connect('checklist.db')
OperationalError: unable to open database file
Traceback (most recent call last):
  File "/home/noturno/Development/Github/bottle-crud/project/controllers/controller.py", line 105, in delete
    conn = sqlite3.connect('checklist.db')
OperationalError: unable to open database file
Traceback (most recent call last):
  File "/home/noturno/Development/Github/bottle-crud/project/controllers/controller.py", line 32, in <module>
    index()
  File "/home/noturno/Development/Github/bottle-crud/project/controllers/controller.py", line 23, in index
    conn = sqlite3.connect('../models/checklist.db')
OperationalError: unable to open database file
